mode: set
github.com/receipt-processor/main.go:14.13,20.68 4 0
github.com/receipt-processor/main.go:20.68,23.10 2 0
github.com/receipt-processor/main.go:24.36,25.34 1 0
github.com/receipt-processor/main.go:26.84,32.50 4 0
github.com/receipt-processor/main.go:33.11,34.23 1 0
github.com/receipt-processor/main.go:38.2,40.63 3 0
github.com/receipt-processor/handlers/points.go:16.54,18.2 1 1
github.com/receipt-processor/handlers/points.go:20.75,21.32 1 1
github.com/receipt-processor/handlers/points.go:21.32,24.3 2 1
github.com/receipt-processor/handlers/points.go:26.2,27.9 2 1
github.com/receipt-processor/handlers/points.go:27.9,30.3 2 1
github.com/receipt-processor/handlers/points.go:32.2,33.16 2 1
github.com/receipt-processor/handlers/points.go:33.16,39.3 3 1
github.com/receipt-processor/handlers/points.go:41.2,44.58 3 1
github.com/receipt-processor/handlers/process.go:19.56,21.2 1 1
github.com/receipt-processor/handlers/process.go:23.76,24.33 1 1
github.com/receipt-processor/handlers/process.go:24.33,27.3 2 1
github.com/receipt-processor/handlers/process.go:29.2,30.16 2 1
github.com/receipt-processor/handlers/process.go:30.16,33.3 2 1
github.com/receipt-processor/handlers/process.go:35.2,36.22 2 1
github.com/receipt-processor/handlers/process.go:39.72,41.19 2 1
github.com/receipt-processor/handlers/process.go:41.19,43.3 1 1
github.com/receipt-processor/handlers/process.go:45.2,45.65 1 1
github.com/receipt-processor/handlers/process.go:45.65,47.3 1 1
github.com/receipt-processor/handlers/process.go:49.2,49.49 1 1
github.com/receipt-processor/handlers/process.go:49.49,51.3 1 1
github.com/receipt-processor/handlers/process.go:53.2,53.21 1 1
github.com/receipt-processor/handlers/process.go:56.52,60.23 1 1
github.com/receipt-processor/handlers/process.go:60.23,62.3 1 1
github.com/receipt-processor/handlers/process.go:64.2,64.37 1 1
github.com/receipt-processor/handlers/process.go:64.37,66.64 1 1
github.com/receipt-processor/handlers/process.go:66.64,68.4 1 1
github.com/receipt-processor/handlers/process.go:71.2,71.74 1 1
github.com/receipt-processor/handlers/process.go:71.74,73.3 1 0
github.com/receipt-processor/handlers/process.go:75.2,75.69 1 1
github.com/receipt-processor/handlers/process.go:75.69,77.3 1 0
github.com/receipt-processor/handlers/process.go:79.2,79.59 1 1
github.com/receipt-processor/handlers/process.go:79.59,81.3 1 0
github.com/receipt-processor/handlers/process.go:83.2,83.37 1 1
github.com/receipt-processor/handlers/process.go:83.37,84.53 1 1
github.com/receipt-processor/handlers/process.go:84.53,86.4 1 0
github.com/receipt-processor/handlers/process.go:88.3,88.43 1 1
github.com/receipt-processor/handlers/process.go:88.43,90.53 1 1
github.com/receipt-processor/handlers/process.go:90.53,92.5 1 0
github.com/receipt-processor/handlers/process.go:95.3,95.57 1 1
github.com/receipt-processor/handlers/process.go:95.57,97.4 1 0
github.com/receipt-processor/handlers/process.go:100.2,100.12 1 1
github.com/receipt-processor/handlers/process.go:103.47,105.21 2 1
github.com/receipt-processor/handlers/process.go:105.21,107.3 1 0
github.com/receipt-processor/handlers/process.go:109.2,109.50 1 1
github.com/receipt-processor/handlers/process.go:109.50,111.3 1 0
github.com/receipt-processor/handlers/process.go:113.2,113.24 1 1
github.com/receipt-processor/handlers/process.go:113.24,115.3 1 0
github.com/receipt-processor/handlers/process.go:116.2,116.50 1 1
github.com/receipt-processor/handlers/process.go:116.50,118.3 1 0
github.com/receipt-processor/handlers/process.go:120.2,120.12 1 1
github.com/receipt-processor/handlers/process.go:123.78,127.2 3 1
github.com/receipt-processor/handlers/process.go:129.54,132.2 2 1
github.com/receipt-processor/processor/processor.go:17.50,23.32 4 1
github.com/receipt-processor/processor/processor.go:23.32,25.3 1 1
github.com/receipt-processor/processor/processor.go:27.2,27.34 1 1
github.com/receipt-processor/processor/processor.go:27.34,29.3 1 1
github.com/receipt-processor/processor/processor.go:31.2,33.37 2 1
github.com/receipt-processor/processor/processor.go:33.37,35.48 2 1
github.com/receipt-processor/processor/processor.go:35.48,38.4 2 1
github.com/receipt-processor/processor/processor.go:41.2,42.31 2 1
github.com/receipt-processor/processor/processor.go:42.31,44.3 1 1
github.com/receipt-processor/processor/processor.go:46.2,50.75 4 1
github.com/receipt-processor/processor/processor.go:50.75,52.3 1 1
github.com/receipt-processor/processor/processor.go:54.2,54.15 1 1
github.com/receipt-processor/processor/processor.go:57.38,59.22 2 1
github.com/receipt-processor/processor/processor.go:59.22,60.48 1 1
github.com/receipt-processor/processor/processor.go:60.48,62.4 1 1
github.com/receipt-processor/processor/processor.go:64.2,64.14 1 1
github.com/receipt-processor/store/store.go:18.24,22.2 1 1
github.com/receipt-processor/store/store.go:24.60,30.2 5 1
github.com/receipt-processor/store/store.go:32.63,37.9 4 1
github.com/receipt-processor/store/store.go:37.9,39.3 1 1
github.com/receipt-processor/store/store.go:40.2,40.21 1 1
